<?xml version="1.0" encoding="UTF-8"?>
<!-- Generated by org.testng.reporters.JUnitReportReporter -->
<testsuite skipped="0" hostname="LAPTOP-BH638UES" name="com.qa.hubspot.tests.LoginPageTestBy" tests="3" failures="0" timestamp="18 Jun 2019 11:18:11 GMT" time="71.406" errors="0">
  <testcase name="verifyLoginPageTest" time="20.648" classname="com.qa.hubspot.tests.LoginPageTestBy"/>
  <testcase name="verifySignUpLinkTest" time="22.340" classname="com.qa.hubspot.tests.LoginPageTestBy"/>
  <testcase name="hubSpotLoginTest" time="28.418" classname="com.qa.hubspot.tests.LoginPageTestBy"/>
</testsuite> <!-- com.qa.hubspot.tests.LoginPageTestBy -->
