<?xml version="1.0" encoding="UTF-8"?>
<!-- Generated by org.testng.reporters.JUnitReportReporter -->
<testsuite skipped="1" hostname="LAPTOP-BH638UES" name="com.qa.hubspot.tests.ContactsPageTest" tests="2" failures="0" timestamp="14 Jun 2019 16:26:59 GMT" time="42.657" errors="0">
  <testcase name="verifyContactsPageHeaderTest" time="42.657" classname="com.qa.hubspot.tests.ContactsPageTest"/>
  <testcase name="createNewContactTest" time="0.000" classname="com.qa.hubspot.tests.ContactsPageTest">
    <skipped/>
  </testcase> <!-- createNewContactTest -->
</testsuite> <!-- com.qa.hubspot.tests.ContactsPageTest -->
