<?xml version="1.0" encoding="UTF-8"?>
<!-- Generated by org.testng.reporters.JUnitReportReporter -->
<testsuite skipped="0" hostname="LAPTOP-BH638UES" name="com.qa.hubspot.tests.LoginPageTest" tests="3" failures="0" timestamp="14 Jun 2019 11:33:43 GMT" time="46.807" errors="0">
  <testcase name="verifyLoginPageTest" time="12.761" classname="com.qa.hubspot.tests.LoginPageTest"/>
  <testcase name="verifySignUpLinkTest" time="13.211" classname="com.qa.hubspot.tests.LoginPageTest"/>
  <testcase name="hubSpotLoginTest" time="20.835" classname="com.qa.hubspot.tests.LoginPageTest"/>
</testsuite> <!-- com.qa.hubspot.tests.LoginPageTest -->
