<?xml version="1.0" encoding="UTF-8"?>
<!-- Generated by org.testng.reporters.JUnitReportReporter -->
<testsuite skipped="0" hostname="LAPTOP-BH638UES" name="com.qa.hubspot.tests.HomePageTestBy" tests="3" failures="0" timestamp="18 Jun 2019 11:14:58 GMT" time="66.755" errors="0">
  <testcase name="verifyHomePageTitle" time="23.340" classname="com.qa.hubspot.tests.HomePageTestBy"/>
  <testcase name="verifyHomePageHeaderTest" time="20.672" classname="com.qa.hubspot.tests.HomePageTestBy"/>
  <testcase name="verifyLoggedInUserAccountNameTest" time="22.743" classname="com.qa.hubspot.tests.HomePageTestBy"/>
</testsuite> <!-- com.qa.hubspot.tests.HomePageTestBy -->
